<?xml version="1.0" encoding="UTF-8"?>
<testng-results skipped="0" failed="0" ignored="0" total="1" passed="1">
  <reporter-output>
    <line>
      <![CDATA[Found Element By : By.xpath: (//input[@type='text'])[1]]]>
    </line>
  </reporter-output>
  <suite name="Regression suite" duration-ms="23262" started-at="2020-04-27T13:30:10Z" finished-at="2020-04-27T13:30:34Z">
    <groups>
    </groups>
    <test name="login" duration-ms="23262" started-at="2020-04-27T13:30:10Z" finished-at="2020-04-27T13:30:34Z">
      <class name="com.automation.runners.loginRunner">
        <test-method status="PASS" signature="setUP()[pri:0, instance:com.automation.runners.loginRunner@e320068]" name="setUP" is-config="true" duration-ms="319" started-at="2020-04-27T19:00:10Z" finished-at="2020-04-27T19:00:11Z">
          <reporter-output>
          </reporter-output>
        </test-method> <!-- setUP -->
        <test-method status="PASS" signature="Login(cucumber.api.testng.CucumberFeatureWrapper)[pri:0, instance:com.automation.runners.loginRunner@e320068]" name="Login" duration-ms="22262" started-at="2020-04-27T19:00:11Z" description="login" data-provider="features" finished-at="2020-04-27T19:00:33Z">
          <params>
            <param index="0">
              <value>
                <![CDATA[Login]]>
              </value>
            </param>
          </params>
          <reporter-output>
            <line>
              <![CDATA[Found Element By : By.xpath: (//input[@type='text'])[1]]]>
            </line>
          </reporter-output>
        </test-method> <!-- Login -->
        <test-method status="PASS" signature="tearDownClass()[pri:0, instance:com.automation.runners.loginRunner@e320068]" name="tearDownClass" is-config="true" duration-ms="589" started-at="2020-04-27T19:00:33Z" finished-at="2020-04-27T19:00:34Z">
          <reporter-output>
          </reporter-output>
        </test-method> <!-- tearDownClass -->
        <test-method status="FAIL" signature="AfterSteps()[pri:0, instance:com.automation.runners.loginRunner@e320068]" name="AfterSteps" is-config="true" duration-ms="0" started-at="2020-04-27T19:00:34Z" finished-at="2020-04-27T19:00:34Z">
          <exception class="java.lang.NullPointerException">
            <full-stacktrace>
              <![CDATA[java.lang.NullPointerException
	at com.automation.testbase.testbase.closeBrowser(testbase.java:207)
	at com.automation.runners.loginRunner.AfterSteps(loginRunner.java:80)
	at sun.reflect.NativeMethodAccessorImpl.invoke0(Native Method)
	at sun.reflect.NativeMethodAccessorImpl.invoke(NativeMethodAccessorImpl.java:62)
	at sun.reflect.DelegatingMethodAccessorImpl.invoke(DelegatingMethodAccessorImpl.java:43)
	at java.lang.reflect.Method.invoke(Method.java:498)
	at org.testng.internal.MethodInvocationHelper.invokeMethod(MethodInvocationHelper.java:104)
	at org.testng.internal.Invoker.invokeConfigurationMethod(Invoker.java:515)
	at org.testng.internal.Invoker.invokeConfigurations(Invoker.java:217)
	at org.testng.internal.Invoker.invokeConfigurations(Invoker.java:144)
	at org.testng.SuiteRunner.privateRun(SuiteRunner.java:357)
	at org.testng.SuiteRunner.run(SuiteRunner.java:289)
	at org.testng.SuiteRunnerWorker.runSuite(SuiteRunnerWorker.java:52)
	at org.testng.SuiteRunnerWorker.run(SuiteRunnerWorker.java:86)
	at org.testng.TestNG.runSuitesSequentially(TestNG.java:1293)
	at org.testng.TestNG.runSuitesLocally(TestNG.java:1218)
	at org.testng.TestNG.runSuites(TestNG.java:1133)
	at org.testng.TestNG.run(TestNG.java:1104)
	at org.testng.remote.AbstractRemoteTestNG.run(AbstractRemoteTestNG.java:114)
	at org.testng.remote.RemoteTestNG.initAndRun(RemoteTestNG.java:251)
	at org.testng.remote.RemoteTestNG.main(RemoteTestNG.java:77)
]]>
            </full-stacktrace>
          </exception> <!-- java.lang.NullPointerException -->
          <reporter-output>
          </reporter-output>
        </test-method> <!-- AfterSteps -->
      </class> <!-- com.automation.runners.loginRunner -->
    </test> <!-- login -->
  </suite> <!-- Regression suite -->
</testng-results>
