<?xml version="1.0" encoding="UTF-8"?>
<!-- Generated by org.testng.reporters.JUnitReportReporter -->
<testsuite name="com.automation.runners.loginRunner3" tests="1" time="42.736" ignored="0" failures="0" timestamp="08 Jul 2020 17:19:53 GMT" skipped="0" hostname="LAPTOP-AV2ODUL9" errors="1">
  <testcase name="Login" time="42.736" classname="com.automation.runners.loginRunner3">
    <error type="cucumber.runtime.CucumberException" message="junit.framework.ComparisonFailure: null expected:&lt;SIGN-OF[F]&gt; but was:&lt;SIGN-OF[]&gt;">
      <![CDATA[cucumber.runtime.CucumberException: junit.framework.ComparisonFailure: null expected:<SIGN-OF[F]> but was:<SIGN-OF[]>
	at cucumber.api.testng.TestNGCucumberRunner.runCucumber(TestNGCucumberRunner.java:69)
	at com.automation.runners.loginRunner3.Login(loginRunner3.java:59)
	at sun.reflect.NativeMethodAccessorImpl.invoke0(Native Method)
	at sun.reflect.NativeMethodAccessorImpl.invoke(NativeMethodAccessorImpl.java:62)
	at sun.reflect.DelegatingMethodAccessorImpl.invoke(DelegatingMethodAccessorImpl.java:43)
	at java.lang.reflect.Method.invoke(Method.java:498)
	at org.testng.internal.MethodInvocationHelper.invokeMethod(MethodInvocationHelper.java:104)
	at org.testng.internal.Invoker.invokeMethod(Invoker.java:645)
	at org.testng.internal.Invoker.invokeTestMethod(Invoker.java:851)
	at org.testng.internal.Invoker.invokeTestMethods(Invoker.java:1177)
	at org.testng.internal.TestMethodWorker.invokeTestMethods(TestMethodWorker.java:129)
	at org.testng.internal.TestMethodWorker.run(TestMethodWorker.java:112)
	at java.util.concurrent.ThreadPoolExecutor.runWorker(ThreadPoolExecutor.java:1149)
	at java.util.concurrent.ThreadPoolExecutor$Worker.run(ThreadPoolExecutor.java:624)
	at java.lang.Thread.run(Thread.java:748)
Caused by: junit.framework.ComparisonFailure: null expected:<SIGN-OF[F]> but was:<SIGN-OF[]>
	at junit.framework.Assert.assertEquals(Assert.java:81)
	at junit.framework.Assert.assertEquals(Assert.java:87)
	at com.automation.stepdefinitions.login_definition.verify(login_definition.java:50)
	at âœ½.Then I verify the the title  SIGN-OF in refrence domain home page(src/test/java/com/automation/features/login.feature:25)
]]>
    </error>
  </testcase> <!-- Login -->
</testsuite> <!-- com.automation.runners.loginRunner3 -->
